
> waf-tools@0.1.0 dev /home/coder/workspace/waf-tools
> next dev -H 0.0.0.0 --turbopack 

⚠ Port 3000 is in use by an unknown process, using available port 3001 instead.
▲ Next.js 16.1.6 (Turbopack)
- Local:         http://localhost:3001
- Network:       http://0.0.0.0:3001
- Environments: .env

✓ Starting...
⨯ Unable to acquire lock at /home/coder/workspace/waf-tools/.next/dev/lock, is another instance of next dev running?
  Suggestion: If you intended to restart next dev, terminate the other process, and then try again.
[?25h
 ELIFECYCLE  Command failed with exit code 1.

> waf-tools@0.1.0 dev /home/coder/workspace/waf-tools
> next dev -H 0.0.0.0 --turbopack 

⚠ Port 3000 is in use by an unknown process, using available port 3001 instead.
▲ Next.js 16.1.6 (Turbopack)
- Local:         http://localhost:3001
- Network:       http://0.0.0.0:3001
- Environments: .env

✓ Starting...
⨯ Unable to acquire lock at /home/coder/workspace/waf-tools/.next/dev/lock, is another instance of next dev running?
  Suggestion: If you intended to restart next dev, terminate the other process, and then try again.
[?25h
 ELIFECYCLE  Command failed with exit code 1.
